{"/Users/1kevinson/Library/Mobile Documents/com~apple~CloudDocs/Files/01 - Coding/01 - Phronesis/02 - Typescript/Vanilla/TDD-Leet code/Beginner/two-sum/src/index.ts": {"path":"/Users/1kevinson/Library/Mobile Documents/com~apple~CloudDocs/Files/01 - Coding/01 - Phronesis/02 - Typescript/Vanilla/TDD-Leet code/Beginner/two-sum/src/index.ts","statementMap":{"0":{"start":{"line":5,"column":8},"end":{"line":5,"column":22}},"1":{"start":{"line":9,"column":47},"end":{"line":9,"column":49}},"2":{"start":{"line":11,"column":8},"end":{"line":11,"column":59}},"3":{"start":{"line":12,"column":8},"end":{"line":12,"column":59}},"4":{"start":{"line":14,"column":8},"end":{"line":14,"column":36}}},"fnMap":{"0":{"name":"(anonymous_0)","decl":{"start":{"line":3,"column":4},"end":{"line":3,"column":5}},"loc":{"start":{"line":3,"column":56},"end":{"line":6,"column":5}},"line":3},"1":{"name":"(anonymous_1)","decl":{"start":{"line":8,"column":4},"end":{"line":8,"column":5}},"loc":{"start":{"line":8,"column":48},"end":{"line":15,"column":5}},"line":8}},"branchMap":{},"s":{"0":1,"1":2,"2":2,"3":2,"4":2},"f":{"0":1,"1":2},"b":{},"_coverageSchema":"1a1c01bbd47fc00a2c39e90264f33305004495a9","hash":"d246927da3e7d0da3b732cc36ea9d121566a20ef"}
}
