{"/Users/1kevinson/Library/Mobile Documents/com~apple~CloudDocs/Files/01 - Coding/01 - Phronesis/02 - Typescript/Vanilla/TDD-Leet code/Beginner/two-sum/src/index.ts": {"path":"/Users/1kevinson/Library/Mobile Documents/com~apple~CloudDocs/Files/01 - Coding/01 - Phronesis/02 - Typescript/Vanilla/TDD-Leet code/Beginner/two-sum/src/index.ts","statementMap":{"0":{"start":{"line":1,"column":21},"end":{"line":1,"column":27}},"1":{"start":{"line":2,"column":27},"end":{"line":2,"column":39}},"2":{"start":{"line":5,"column":4},"end":{"line":12,"column":null}},"3":{"start":{"line":7,"column":12},"end":{"line":7,"column":56}},"4":{"start":{"line":9,"column":12},"end":{"line":9,"column":62}},"5":{"start":{"line":11,"column":12},"end":{"line":11,"column":39}}},"fnMap":{"0":{"name":"getFavouriteLanguage","decl":{"start":{"line":4,"column":16},"end":{"line":4,"column":36}},"loc":{"start":{"line":4,"column":51},"end":{"line":13,"column":1}}}},"branchMap":{"0":{"loc":{"start":{"line":5,"column":4},"end":{"line":12,"column":null}},"type":"switch","locations":[{"start":{"line":6,"column":8},"end":{"line":7,"column":56}},{"start":{"line":8,"column":8},"end":{"line":9,"column":62}},{"start":{"line":10,"column":8},"end":{"line":11,"column":39}}]}},"s":{"0":1,"1":1,"2":3,"3":1,"4":1,"5":1},"f":{"0":3},"b":{"0":[1,1,1]}}
}
